<?xml version="1.0" encoding="UTF-8" ?>
<testsuite tests="3" failures="0" name="com.niv.test.TestEmployee" time="0.005" errors="0" skipped="0">
  <properties>
[...]
</properties>
  <testcase classname="com.niv.test.TestEmployee" name="com.niv.test.TestEmployee.testSave" time="0.005"/>
  <testcase classname="com.niv.test.TestEmployee" name="com.niv.test.TestEmployee.testDelete" time="0"/>
  <testcase classname="com.niv.test.TestEmployee" name="com.niv.test.TestEmployee.testUpdate" time="0"/>
</testsuite>